08/05/2025 23:56:23 [Project.Client.Client] ([32mINFO[0m):
> Client Created
08/05/2025 23:56:23 [Project.Client.Client] ([32mINFO[0m):
> Client starting
08/05/2025 23:56:23 [Project.Client.Client] ([32mINFO[0m):
> Waiting for input
08/05/2025 23:56:29 [Project.Client.Client] ([32mINFO[0m):
> [0;33mName set to dan[0m
08/05/2025 23:56:37 [Project.Client.Client] ([32mINFO[0m):
> Client connected
08/05/2025 23:56:37 [Project.Client.Client] ([32mINFO[0m):
> [0;32mConnected[0m
08/05/2025 23:56:37 [Project.Client.Client] ([32mINFO[0m):
> [0;34mRoom[lobby] You joined the room[0m
08/05/2025 23:56:45 [Project.Client.Client] ([32mINFO[0m):
> [0;34mRoom[lobby] You left the room[0m
08/05/2025 23:56:45 [Project.Client.Client] ([32mINFO[0m):
> [0;34mRoom[rpsgame] You joined the room[0m
08/05/2025 23:57:25 [Project.Client.Client] ([32mINFO[0m):
> [0;34mRoom[rpsgame] bob#2 joined the room[0m
08/05/2025 23:57:38 [Project.Client.Client] ([32mINFO[0m):
> [0;34m[0;31mThis command is only available in a game room.[0m[0m
08/05/2025 23:58:55 [Project.Client.Client] ([33mWARNING[0m):
> Connection dropped
08/05/2025 23:58:55 [Project.Client.Client] ([32mINFO[0m):
> Closing output stream
08/05/2025 23:58:55 [Project.Client.Client] ([32mINFO[0m):
> Closing input stream
08/05/2025 23:58:55 [Project.Client.Client] ([32mINFO[0m):
> Closing connection
08/05/2025 23:58:55 [Project.Client.Client] ([32mINFO[0m):
> Closed Socket
08/05/2025 23:58:55 [Project.Client.Client] ([32mINFO[0m):
> listenToServer thread stopped
08/05/2025 23:59:04 [Project.Client.Client] ([33mWARNING[0m):
> Not connected to server (hint: type `/connect host:port` without the quotes and replace host/port with the necessary info)
08/05/2025 23:59:10 [Project.Client.Client] ([32mINFO[0m):
> Client connected
08/05/2025 23:59:10 [Project.Client.Client] ([33mWARNING[0m):
> [0;33mClient ID already set, this shouldn't happen[0m
08/05/2025 23:59:10 [Project.Client.Client] ([32mINFO[0m):
> [0;32mConnected[0m
08/05/2025 23:59:10 [Project.Client.Client] ([32mINFO[0m):
> [0;34mRoom[lobby] You joined the room[0m
08/05/2025 23:59:13 [Project.Client.Client] ([32mINFO[0m):
> [0;34mRoom[lobby] bob#2 joined the room[0m
08/05/2025 23:59:29 [Project.Client.Client] ([32mINFO[0m):
> [0;34mRoom[lobby] You left the room[0m
08/05/2025 23:59:29 [Project.Client.Client] ([32mINFO[0m):
> [0;34mRoom[rpsgame] You joined the room[0m
08/05/2025 23:59:31 [Project.Client.Client] ([32mINFO[0m):
> [0;34mRoom[rpsgame] bob#2 joined the room[0m
08/05/2025 23:59:37 [Project.Client.Client] ([32mINFO[0m):
> [0;34m[0;31mThis command is only available in a game room.[0m[0m
08/05/2025 23:59:43 [Project.Client.Client] ([32mINFO[0m):
> [0;34m[0;31mThis command is only available in a game room.[0m[0m
08/06/2025 00:01:45 [Project.Client.Client] ([33mWARNING[0m):
> Connection dropped
08/06/2025 00:01:45 [Project.Client.Client] ([32mINFO[0m):
> Closing output stream
08/06/2025 00:01:45 [Project.Client.Client] ([32mINFO[0m):
> Closing input stream
08/06/2025 00:01:45 [Project.Client.Client] ([32mINFO[0m):
> Closing connection
08/06/2025 00:01:45 [Project.Client.Client] ([32mINFO[0m):
> Closed Socket
08/06/2025 00:01:45 [Project.Client.Client] ([32mINFO[0m):
> listenToServer thread stopped
08/06/2025 00:02:02 [Project.Client.Client] ([33mWARNING[0m):
> Not connected to server (hint: type `/connect host:port` without the quotes and replace host/port with the necessary info)
08/06/2025 00:02:03 [Project.Client.Client] ([33mWARNING[0m):
> Not connected to server (hint: type `/connect host:port` without the quotes and replace host/port with the necessary info)
08/06/2025 00:02:20 [Project.Client.Client] ([32mINFO[0m):
> Client connected
08/06/2025 00:02:20 [Project.Client.Client] ([33mWARNING[0m):
> [0;33mClient ID already set, this shouldn't happen[0m
08/06/2025 00:02:20 [Project.Client.Client] ([32mINFO[0m):
> [0;32mConnected[0m
08/06/2025 00:02:20 [Project.Client.Client] ([32mINFO[0m):
> [0;34mRoom[lobby] You joined the room[0m
08/06/2025 00:02:22 [Project.Client.Client] ([32mINFO[0m):
> [0;34mRoom[lobby] bob#2 joined the room[0m
08/06/2025 00:02:36 [Project.Client.Client] ([32mINFO[0m):
> [0;34mRoom[lobby] You left the room[0m
08/06/2025 00:02:36 [Project.Client.Client] ([32mINFO[0m):
> [0;34mRoom[rpsgame] You joined the room[0m
08/06/2025 00:02:39 [Project.Client.Client] ([32mINFO[0m):
> [0;34mRoom[rpsgame] bob#2 joined the room[0m
08/06/2025 00:02:46 [Project.Client.Client] ([32mINFO[0m):
> [0;34m[0;31mThis command is only available in a game room.[0m[0m
08/06/2025 00:08:38 [Project.Client.Client] ([32mINFO[0m):
> Client connected
08/06/2025 00:08:38 [Project.Client.Client] ([33mWARNING[0m):
> [0;33mClient ID already set, this shouldn't happen[0m
08/06/2025 00:08:38 [Project.Client.Client] ([32mINFO[0m):
> [0;32mConnected[0m
08/06/2025 00:08:38 [Project.Client.Client] ([32mINFO[0m):
> [0;34mRoom[lobby] You joined the room[0m
08/06/2025 00:08:40 [Project.Client.Client] ([32mINFO[0m):
> [0;34mRoom[lobby] bob#2 joined the room[0m
08/06/2025 00:09:14 [Project.Client.Client] ([32mINFO[0m):
> [0;34mRoom[lobby] You left the room[0m
08/06/2025 00:09:14 [Project.Client.Client] ([32mINFO[0m):
> [0;34mRoom[rpsgame] You joined the room[0m
08/06/2025 00:09:15 [Project.Client.Client] ([32mINFO[0m):
> [0;34mRoom[rpsgame] bob#2 joined the room[0m
08/06/2025 00:09:21 [Project.Client.Client] ([33mWARNING[0m):
> [0;33mClient ID already set, this shouldn't happen[0m
08/06/2025 00:09:21 [Project.Client.Client] ([32mINFO[0m):
> [0;32mConnected[0m
08/06/2025 00:09:21 [Project.Client.Client] ([32mINFO[0m):
> [0;34m[0;33mIt's your turn to pick! Use /pick [r,p,s][0m[0m
08/06/2025 00:09:27 [Project.Client.Client] ([33mWARNING[0m):
> [0;33mClient ID already set, this shouldn't happen[0m
08/06/2025 00:09:27 [Project.Client.Client] ([32mINFO[0m):
> [0;32mConnected[0m
08/06/2025 00:09:27 [Project.Client.Client] ([32mINFO[0m):
> [0;34m[0;33mIt's your turn to pick! Use /pick [r,p,s][0m[0m
08/06/2025 00:09:31 [Project.Client.Client] ([32mINFO[0m):
> [0;34mRoom[rpsgame]: dan#1 was eliminated for not making a choice![0m
08/06/2025 00:09:31 [Project.Client.Client] ([32mINFO[0m):
> [0;34mRoom[rpsgame]: bob#2 was eliminated for not making a choice![0m
08/06/2025 00:09:31 [Project.Client.Client] ([32mINFO[0m):
> [0;34mRoom[rpsgame]: [0;31mThe session is a tie! No winner this time.[0m[0m
08/06/2025 00:09:31 [Project.Client.Client] ([32mINFO[0m):
> [0;34mRoom[rpsgame]: [0;36m
--- Final Scoreboard ---
[0m[0m
08/06/2025 00:09:31 [Project.Client.Client] ([32mINFO[0m):
> [0;34mRoom[rpsgame]: dan#1: 0 points (Eliminated)[0m
08/06/2025 00:09:31 [Project.Client.Client] ([32mINFO[0m):
> [0;34mRoom[rpsgame]: bob#2: 0 points (Eliminated)[0m
08/06/2025 00:09:31 [Project.Client.Client] ([32mINFO[0m):
> [0;34mRoom[rpsgame]: [0;36m
------------------------[0m[0m
08/06/2025 00:09:31 [Project.Client.Client] ([32mINFO[0m):
> [0;34mRoom[rpsgame]: The game is over. A new ready check will be required to start a new session.[0m
08/06/2025 00:11:09 [Project.Client.Client] ([33mWARNING[0m):
> [0;33mClient ID already set, this shouldn't happen[0m
08/06/2025 00:11:09 [Project.Client.Client] ([32mINFO[0m):
> [0;32mConnected[0m
08/06/2025 00:11:09 [Project.Client.Client] ([32mINFO[0m):
> [0;34m[0;33mIt's your turn to pick! Use /pick [r,p,s][0m[0m
08/06/2025 00:11:12 [Project.Client.Client] ([32mINFO[0m):
> [0;32mConnected[0m
08/06/2025 00:11:12 [Project.Client.Client] ([32mINFO[0m):
> [0;34m[0;33mIt's your turn to pick! Use /pick [r,p,s][0m[0m
08/06/2025 00:11:15 [Project.Client.Client] ([32mINFO[0m):
> [0;34mYou have made your choice: r[0m
08/06/2025 00:11:15 [Project.Client.Client] ([32mINFO[0m):
> [0;34mRoom[rpsgame]: null#-1 has made their choice.[0m
08/06/2025 00:11:19 [Project.Client.Client] ([32mINFO[0m):
> [0;34mRoom[rpsgame]: null#-1 (r) vs null#-1 (r) -> tie[0m
08/06/2025 00:11:19 [Project.Client.Client] ([32mINFO[0m):
> [0;34mRoom[rpsgame]: It's a tie![0m
08/06/2025 00:11:19 [Project.Client.Client] ([32mINFO[0m):
> null#-1 now has 0 points.
08/06/2025 00:11:19 [Project.Client.Client] ([32mINFO[0m):
> [0;34mRoom[rpsgame]: null#-1 (r) vs null#-1 (r) -> tie[0m
08/06/2025 00:11:19 [Project.Client.Client] ([32mINFO[0m):
> [0;34mRoom[rpsgame]: It's a tie![0m
08/06/2025 00:11:19 [Project.Client.Client] ([32mINFO[0m):
> null#-1 now has 0 points.
08/06/2025 00:11:19 [Project.Client.Client] ([32mINFO[0m):
> [0;34m[0;33mIt's your turn to pick! Use /pick [r,p,s][0m[0m
08/06/2025 00:11:23 [Project.Client.Client] ([32mINFO[0m):
> [0;34mRoom[rpsgame]: null#-1 has made their choice.[0m
08/06/2025 00:11:29 [Project.Client.Client] ([32mINFO[0m):
> [0;34mRoom[rpsgame]: null#-1 (p) vs null#-1 (p) -> tie[0m
08/06/2025 00:11:29 [Project.Client.Client] ([32mINFO[0m):
> [0;34mRoom[rpsgame]: It's a tie![0m
08/06/2025 00:11:29 [Project.Client.Client] ([32mINFO[0m):
> null#-1 now has 0 points.
08/06/2025 00:11:29 [Project.Client.Client] ([32mINFO[0m):
> [0;34mRoom[rpsgame]: null#-1 (p) vs null#-1 (p) -> tie[0m
08/06/2025 00:11:29 [Project.Client.Client] ([32mINFO[0m):
> [0;34mRoom[rpsgame]: It's a tie![0m
08/06/2025 00:11:29 [Project.Client.Client] ([32mINFO[0m):
> null#-1 now has 0 points.
08/06/2025 00:11:29 [Project.Client.Client] ([32mINFO[0m):
> [0;34m[0;33mIt's your turn to pick! Use /pick [r,p,s][0m[0m
08/06/2025 00:11:39 [Project.Client.Client] ([32mINFO[0m):
> [0;34mRoom[rpsgame]: null#-1 was eliminated for not making a choice![0m
08/06/2025 00:11:39 [Project.Client.Client] ([32mINFO[0m):
> [0;34mRoom[rpsgame]: null#-1 was eliminated for not making a choice![0m
08/06/2025 00:11:39 [Project.Client.Client] ([32mINFO[0m):
> [0;34mRoom[rpsgame]: [0;31mThe session is a tie! No winner this time.[0m[0m
08/06/2025 00:11:39 [Project.Client.Client] ([32mINFO[0m):
> [0;34mRoom[rpsgame]: [0;36m
--- Final Scoreboard ---
[0m[0m
08/06/2025 00:11:39 [Project.Client.Client] ([32mINFO[0m):
> [0;34mRoom[rpsgame]: null#-1: 0 points (Eliminated)[0m
08/06/2025 00:11:39 [Project.Client.Client] ([32mINFO[0m):
> [0;34mRoom[rpsgame]: null#-1: 0 points (Eliminated)[0m
08/06/2025 00:11:39 [Project.Client.Client] ([32mINFO[0m):
> [0;34mRoom[rpsgame]: [0;36m
------------------------[0m[0m
08/06/2025 00:11:39 [Project.Client.Client] ([32mINFO[0m):
> [0;34mRoom[rpsgame]: The game is over. A new ready check will be required to start a new session.[0m
08/06/2025 00:15:19 [Project.Client.Client] ([32mINFO[0m):
> [0;34mnull#-1: /pic/ready[0m
08/06/2025 00:15:22 [Project.Client.Client] ([32mINFO[0m):
> [0;32mConnected[0m
08/06/2025 00:15:22 [Project.Client.Client] ([32mINFO[0m):
> [0;34m[0;33mIt's your turn to pick! Use /pick [r,p,s][0m[0m
08/06/2025 00:15:25 [Project.Client.Client] ([32mINFO[0m):
> [0;34mYou have made your choice: r[0m
08/06/2025 00:15:25 [Project.Client.Client] ([32mINFO[0m):
> [0;34mRoom[rpsgame]: null#-1 has made their choice.[0m
08/06/2025 00:15:28 [Project.Client.Client] ([32mINFO[0m):
> [0;32mConnected[0m
08/06/2025 00:15:28 [Project.Client.Client] ([32mINFO[0m):
> [0;34m[0;33mIt's your turn to pick! Use /pick [r,p,s][0m[0m
08/06/2025 00:15:31 [Project.Client.Client] ([32mINFO[0m):
> [0;34mRoom[rpsgame]: null#-1 has made their choice.[0m
08/06/2025 00:15:32 [Project.Client.Client] ([32mINFO[0m):
> [0;34mRoom[rpsgame]: null#-1 (p) vs null#-1 (p) -> tie[0m
08/06/2025 00:15:32 [Project.Client.Client] ([32mINFO[0m):
> [0;34mRoom[rpsgame]: It's a tie![0m
08/06/2025 00:15:32 [Project.Client.Client] ([32mINFO[0m):
> null#-1 now has 0 points.
08/06/2025 00:15:32 [Project.Client.Client] ([32mINFO[0m):
> [0;34mRoom[rpsgame]: null#-1 (p) vs null#-1 (p) -> tie[0m
08/06/2025 00:15:32 [Project.Client.Client] ([32mINFO[0m):
> [0;34mRoom[rpsgame]: It's a tie![0m
08/06/2025 00:15:32 [Project.Client.Client] ([32mINFO[0m):
> null#-1 now has 0 points.
08/06/2025 00:15:32 [Project.Client.Client] ([32mINFO[0m):
> [0;34m[0;33mIt's your turn to pick! Use /pick [r,p,s][0m[0m
08/06/2025 00:15:42 [Project.Client.Client] ([32mINFO[0m):
> [0;34mRoom[rpsgame]: null#-1 was eliminated for not making a choice![0m
08/06/2025 00:15:42 [Project.Client.Client] ([32mINFO[0m):
> [0;34mRoom[rpsgame]: null#-1 was eliminated for not making a choice![0m
08/06/2025 00:15:42 [Project.Client.Client] ([32mINFO[0m):
> [0;34mRoom[rpsgame]: [0;31mThe session is a tie! No winner this time.[0m[0m
08/06/2025 00:15:42 [Project.Client.Client] ([32mINFO[0m):
> [0;34mRoom[rpsgame]: [0;36m
--- Final Scoreboard ---
[0m[0m
08/06/2025 00:15:42 [Project.Client.Client] ([32mINFO[0m):
> [0;34mRoom[rpsgame]: null#-1: 0 points (Eliminated)[0m
08/06/2025 00:15:42 [Project.Client.Client] ([32mINFO[0m):
> [0;34mRoom[rpsgame]: null#-1: 0 points (Eliminated)[0m
08/06/2025 00:15:42 [Project.Client.Client] ([32mINFO[0m):
> [0;34mRoom[rpsgame]: [0;36m
------------------------[0m[0m
08/06/2025 00:15:42 [Project.Client.Client] ([32mINFO[0m):
> [0;34mRoom[rpsgame]: The game is over. A new ready check will be required to start a new session.[0m
08/06/2025 00:16:44 [Project.Client.Client] ([32mINFO[0m):
> [0;32mConnected[0m
08/06/2025 00:16:44 [Project.Client.Client] ([32mINFO[0m):
> [0;34m[0;33mIt's your turn to pick! Use /pick [r,p,s][0m[0m
08/06/2025 00:16:47 [Project.Client.Client] ([32mINFO[0m):
> [0;34mYou have made your choice: s[0m
08/06/2025 00:16:47 [Project.Client.Client] ([32mINFO[0m):
> [0;34mRoom[rpsgame]: null#-1 has made their choice.[0m
08/06/2025 00:16:54 [Project.Client.Client] ([32mINFO[0m):
> [0;34mRoom[rpsgame]: null#-1 (s) vs null#-1 (s) -> tie[0m
08/06/2025 00:16:54 [Project.Client.Client] ([32mINFO[0m):
> [0;34mRoom[rpsgame]: It's a tie![0m
08/06/2025 00:16:54 [Project.Client.Client] ([32mINFO[0m):
> null#-1 now has 0 points.
08/06/2025 00:16:54 [Project.Client.Client] ([32mINFO[0m):
> [0;34mRoom[rpsgame]: null#-1 (s) vs null#-1 (s) -> tie[0m
08/06/2025 00:16:54 [Project.Client.Client] ([32mINFO[0m):
> [0;34mRoom[rpsgame]: It's a tie![0m
08/06/2025 00:16:54 [Project.Client.Client] ([32mINFO[0m):
> null#-1 now has 0 points.
08/06/2025 00:16:54 [Project.Client.Client] ([32mINFO[0m):
> [0;34m[0;33mIt's your turn to pick! Use /pick [r,p,s][0m[0m
08/06/2025 00:17:04 [Project.Client.Client] ([32mINFO[0m):
> [0;34mRoom[rpsgame]: null#-1 was eliminated for not making a choice![0m
08/06/2025 00:17:04 [Project.Client.Client] ([32mINFO[0m):
> [0;34mRoom[rpsgame]: null#-1 was eliminated for not making a choice![0m
08/06/2025 00:17:04 [Project.Client.Client] ([32mINFO[0m):
> [0;34mRoom[rpsgame]: [0;31mThe session is a tie! No winner this time.[0m[0m
08/06/2025 00:17:04 [Project.Client.Client] ([32mINFO[0m):
> [0;34mRoom[rpsgame]: [0;36m
--- Final Scoreboard ---
[0m[0m
08/06/2025 00:17:04 [Project.Client.Client] ([32mINFO[0m):
> [0;34mRoom[rpsgame]: null#-1: 0 points (Eliminated)[0m
08/06/2025 00:17:04 [Project.Client.Client] ([32mINFO[0m):
> [0;34mRoom[rpsgame]: null#-1: 0 points (Eliminated)[0m
08/06/2025 00:17:04 [Project.Client.Client] ([32mINFO[0m):
> [0;34mRoom[rpsgame]: [0;36m
------------------------[0m[0m
08/06/2025 00:17:04 [Project.Client.Client] ([32mINFO[0m):
> [0;34mRoom[rpsgame]: The game is over. A new ready check will be required to start a new session.[0m
08/06/2025 00:17:08 [Project.Client.Client] ([33mWARNING[0m):
> Connection dropped
08/06/2025 00:17:08 [Project.Client.Client] ([32mINFO[0m):
> Closing output stream
08/06/2025 00:17:08 [Project.Client.Client] ([32mINFO[0m):
> Closing input stream
08/06/2025 00:17:08 [Project.Client.Client] ([32mINFO[0m):
> Closing connection
08/06/2025 00:17:08 [Project.Client.Client] ([32mINFO[0m):
> Closed Socket
08/06/2025 00:17:08 [Project.Client.Client] ([32mINFO[0m):
> listenToServer thread stopped
08/06/2025 00:18:31 [Project.Client.Client] ([32mINFO[0m):
> Client Created
08/06/2025 00:18:32 [Project.Client.Client] ([32mINFO[0m):
> Client starting
08/06/2025 00:18:32 [Project.Client.Client] ([32mINFO[0m):
> Waiting for input
08/06/2025 00:18:45 [Project.Client.Client] ([32mINFO[0m):
> [0;33mName set to dan[0m
08/06/2025 00:18:57 [Project.Client.Client] ([32mINFO[0m):
> Client connected
08/06/2025 00:18:57 [Project.Client.Client] ([32mINFO[0m):
> [0;32mConnected[0m
08/06/2025 00:18:57 [Project.Client.Client] ([32mINFO[0m):
> [0;34mRoom[lobby] You joined the room[0m
08/06/2025 00:18:59 [Project.Client.Client] ([32mINFO[0m):
> [0;34mRoom[lobby] bob#2 joined the room[0m
08/06/2025 00:19:10 [Project.Client.Client] ([32mINFO[0m):
> [0;34mRoom[lobby] You left the room[0m
08/06/2025 00:19:10 [Project.Client.Client] ([32mINFO[0m):
> [0;34mRoom[rpsgame] You joined the room[0m
08/06/2025 00:19:12 [Project.Client.Client] ([32mINFO[0m):
> [0;34mRoom[rpsgame] bob#2 joined the room[0m
08/06/2025 00:19:21 [Project.Client.Client] ([33mWARNING[0m):
> [0;33mClient ID already set, this shouldn't happen[0m
08/06/2025 00:19:21 [Project.Client.Client] ([32mINFO[0m):
> [0;32mConnected[0m
08/06/2025 00:19:21 [Project.Client.Client] ([32mINFO[0m):
> [0;34m[0;33mIt's your turn to pick! Use /pick [r,p,s][0m[0m
08/06/2025 00:19:28 [Project.Client.Client] ([32mINFO[0m):
> [0;34mYou have made your choice: r[0m
08/06/2025 00:19:28 [Project.Client.Client] ([32mINFO[0m):
> [0;34mRoom[rpsgame]: dan#1 has made their choice.[0m
08/06/2025 00:19:31 [Project.Client.Client] ([32mINFO[0m):
> [0;34mRoom[rpsgame]: bob#2 has made their choice.[0m
08/06/2025 00:19:31 [Project.Client.Client] ([32mINFO[0m):
> [0;34mRoom[rpsgame]: dan#1 (r) vs bob#2 (p) -> player2[0m
08/06/2025 00:19:31 [Project.Client.Client] ([32mINFO[0m):
> [0;34mRoom[rpsgame]: dan#1 is eliminated![0m
08/06/2025 00:19:31 [Project.Client.Client] ([32mINFO[0m):
> dan#1 now has 0 points.
08/06/2025 00:19:31 [Project.Client.Client] ([32mINFO[0m):
> [0;34mRoom[rpsgame]: bob#2 (p) vs dan#1 (r) -> player1[0m
08/06/2025 00:19:31 [Project.Client.Client] ([32mINFO[0m):
> [0;34mRoom[rpsgame]: dan#1 is eliminated![0m
08/06/2025 00:19:31 [Project.Client.Client] ([32mINFO[0m):
> dan#1 now has 0 points.
08/06/2025 00:19:31 [Project.Client.Client] ([32mINFO[0m):
> [0;34mRoom[rpsgame]: [0;32mWe have a winner! bob#2 wins the game![0m[0m
08/06/2025 00:19:31 [Project.Client.Client] ([32mINFO[0m):
> [0;34mRoom[rpsgame]: [0;36m
--- Final Scoreboard ---
[0m[0m
08/06/2025 00:19:31 [Project.Client.Client] ([32mINFO[0m):
> [0;34mRoom[rpsgame]: bob#2: 2 points [0m
08/06/2025 00:19:31 [Project.Client.Client] ([32mINFO[0m):
> [0;34mRoom[rpsgame]: dan#1: 0 points (Eliminated)[0m
08/06/2025 00:19:31 [Project.Client.Client] ([32mINFO[0m):
> [0;34mRoom[rpsgame]: [0;36m
------------------------[0m[0m
08/06/2025 00:19:31 [Project.Client.Client] ([32mINFO[0m):
> [0;34mRoom[rpsgame]: The game is over. A new ready check will be required to start a new session.[0m
08/06/2025 00:23:47 [Project.Client.Client] ([32mINFO[0m):
> [0;34mRoom[rpsgame] john#3 joined the room[0m
08/06/2025 00:23:49 [Project.Client.Client] ([33mWARNING[0m):
> [0;33mClient ID already set, this shouldn't happen[0m
08/06/2025 00:23:49 [Project.Client.Client] ([32mINFO[0m):
> [0;32mConnected[0m
08/06/2025 00:23:49 [Project.Client.Client] ([32mINFO[0m):
> [0;34m[0;33mIt's your turn to pick! Use /pick [r,p,s][0m[0m
08/06/2025 00:23:52 [Project.Client.Client] ([32mINFO[0m):
> [0;34mRoom[rpsgame]: john#3 has made their choice.[0m
08/06/2025 00:23:59 [Project.Client.Client] ([32mINFO[0m):
> [0;34mRoom[rpsgame]: null#-1 was eliminated for not making a choice![0m
08/06/2025 00:23:59 [Project.Client.Client] ([32mINFO[0m):
> [0;34mRoom[rpsgame]: null#-1 was eliminated for not making a choice![0m
08/06/2025 00:23:59 [Project.Client.Client] ([32mINFO[0m):
> [0;34mRoom[rpsgame]: [0;32mWe have a winner! john#3 wins the game![0m[0m
08/06/2025 00:23:59 [Project.Client.Client] ([32mINFO[0m):
> [0;34mRoom[rpsgame]: [0;36m
--- Final Scoreboard ---
[0m[0m
08/06/2025 00:23:59 [Project.Client.Client] ([32mINFO[0m):
> [0;34mRoom[rpsgame]: null#-1: 0 points (Eliminated)[0m
08/06/2025 00:23:59 [Project.Client.Client] ([32mINFO[0m):
> [0;34mRoom[rpsgame]: null#-1: 0 points (Eliminated)[0m
08/06/2025 00:23:59 [Project.Client.Client] ([32mINFO[0m):
> [0;34mRoom[rpsgame]: john#3: 0 points [0m
08/06/2025 00:23:59 [Project.Client.Client] ([32mINFO[0m):
> [0;34mRoom[rpsgame]: [0;36m
------------------------[0m[0m
08/06/2025 00:23:59 [Project.Client.Client] ([32mINFO[0m):
> [0;34mRoom[rpsgame]: The game is over. A new ready check will be required to start a new session.[0m
08/06/2025 00:27:44 [Project.Client.Client] ([33mWARNING[0m):
> Connection dropped
08/06/2025 00:27:44 [Project.Client.Client] ([32mINFO[0m):
> Closing output stream
08/06/2025 00:27:44 [Project.Client.Client] ([32mINFO[0m):
> Closing input stream
08/06/2025 00:27:44 [Project.Client.Client] ([32mINFO[0m):
> Closing connection
08/06/2025 00:27:44 [Project.Client.Client] ([32mINFO[0m):
> Closed Socket
08/06/2025 00:27:44 [Project.Client.Client] ([32mINFO[0m):
> listenToServer thread stopped
08/07/2025 21:48:11 [Project.Client.Client] ([32mINFO[0m):
> Client Created
08/07/2025 21:48:11 [Project.Client.Client] ([32mINFO[0m):
> Client starting
08/07/2025 21:48:11 [Project.Client.Client] ([32mINFO[0m):
> Waiting for input
08/07/2025 23:01:40 [Project.Client.Client] ([32mINFO[0m):
> Client Created
08/07/2025 23:01:41 [Project.Client.Client] ([32mINFO[0m):
> Client starting
08/07/2025 23:01:41 [Project.Client.Client] ([32mINFO[0m):
> Waiting for input
