08/05/2025 23:55:44 [Project.Server.Server] ([32mINFO[0m):
> Server Starting
08/05/2025 23:55:44 [Project.Server.Server] ([32mINFO[0m):
> [0;33mServer: Listening on port 3000[0m
08/05/2025 23:55:44 [Project.Server.Room] ([32mINFO[0m):
> [0;35mRoom[lobby]: Created[0m
08/05/2025 23:55:44 [Project.Server.Server] ([32mINFO[0m):
> [0;33mServer: Created new Room lobby[0m
08/05/2025 23:55:44 [Project.Server.Room] ([32mINFO[0m):
> [0;35mRoom[rpsgame]: Created[0m
08/05/2025 23:55:44 [Project.Server.Server] ([32mINFO[0m):
> [0;33mServer: Created new Room rpsgame[0m
08/05/2025 23:55:44 [Project.Server.Server] ([32mINFO[0m):
> [0;33mServer: Waiting for next client[0m
08/05/2025 23:56:37 [Project.Server.Server] ([32mINFO[0m):
> [0;33mServer: Client connected[0m
08/05/2025 23:56:37 [Project.Server.ServerThread] ([32mINFO[0m):
> [0;36mThread[-1]: ServerThread created[0m
08/05/2025 23:56:37 [Project.Server.Server] ([32mINFO[0m):
> [0;33mServer: Waiting for next client[0m
08/05/2025 23:56:37 [Project.Server.ServerThread] ([32mINFO[0m):
> [0;36mThread[-1]: Thread starting[0m
08/05/2025 23:56:37 [Project.Server.ServerThread] ([32mINFO[0m):
> [0;36mThread[-1]: Received from my client: Payload[CLIENT_CONNECT] Client Id [0] Message: [null] ClientName: [dan] Points: [0] Eliminated: [false][0m
08/05/2025 23:56:37 [Project.Server.ServerThread] ([32mINFO[0m):
> [0;36mThread[1]: Sending to client: Payload[CLIENT_ID] Client Id [1] Message: [null] ClientName: [dan] Points: [0] Eliminated: [false][0m
08/05/2025 23:56:37 [Project.Server.Server] ([32mINFO[0m):
> [0;33mServer: *dan#1 initialized*[0m
08/05/2025 23:56:37 [Project.Server.ServerThread] ([32mINFO[0m):
> [0;36mThread[1]: Sending to client: Payload[ROOM_JOIN] Client Id [-1] Message: [null] ClientName: [null] Points: [0] Eliminated: [false][0m
08/05/2025 23:56:37 [Project.Server.ServerThread] ([32mINFO[0m):
> [0;36mThread[1]: Sending to client: Payload[ROOM_JOIN] Client Id [1] Message: [null] ClientName: [dan] Points: [0] Eliminated: [false][0m
08/05/2025 23:56:37 [Project.Server.ServerThread] ([32mINFO[0m):
> [0;36mThread[1]: Sending to client: Payload[MESSAGE] Client Id [1] Message: [Room[lobby] You joined the room][0m
08/05/2025 23:56:37 [Project.Server.Server] ([32mINFO[0m):
> [0;33mServer: *dan#1 added to Lobby*[0m
08/05/2025 23:56:45 [Project.Server.ServerThread] ([32mINFO[0m):
> [0;36mThread[1]: Received from my client: Payload[ROOM_JOIN] Client Id [0] Message: [rpsgame][0m
08/05/2025 23:56:45 [Project.Server.Server] ([32mINFO[0m):
> [0;33mServer: Removing client from previous Room lobby[0m
08/05/2025 23:56:45 [Project.Server.ServerThread] ([32mINFO[0m):
> [0;36mThread[1]: Sending to client: Payload[ROOM_LEAVE] Client Id [1] Message: [null] ClientName: [dan] Points: [0] Eliminated: [false][0m
08/05/2025 23:56:45 [Project.Server.ServerThread] ([32mINFO[0m):
> [0;36mThread[1]: Sending to client: Payload[MESSAGE] Client Id [1] Message: [Room[lobby] You left the room][0m
08/05/2025 23:56:45 [Project.Server.ServerThread] ([32mINFO[0m):
> [0;36mThread[1]: Sending to client: Payload[ROOM_JOIN] Client Id [-1] Message: [null] ClientName: [null] Points: [0] Eliminated: [false][0m
08/05/2025 23:56:45 [Project.Server.ServerThread] ([32mINFO[0m):
> [0;36mThread[1]: Sending to client: Payload[ROOM_JOIN] Client Id [1] Message: [null] ClientName: [dan] Points: [0] Eliminated: [false][0m
08/05/2025 23:56:45 [Project.Server.ServerThread] ([32mINFO[0m):
> [0;36mThread[1]: Sending to client: Payload[MESSAGE] Client Id [1] Message: [Room[rpsgame] You joined the room][0m
08/05/2025 23:57:21 [Project.Server.Server] ([32mINFO[0m):
> [0;33mServer: Client connected[0m
08/05/2025 23:57:21 [Project.Server.ServerThread] ([32mINFO[0m):
> [0;36mThread[-1]: ServerThread created[0m
08/05/2025 23:57:21 [Project.Server.Server] ([32mINFO[0m):
> [0;33mServer: Waiting for next client[0m
08/05/2025 23:57:21 [Project.Server.ServerThread] ([32mINFO[0m):
> [0;36mThread[-1]: Thread starting[0m
08/05/2025 23:57:21 [Project.Server.ServerThread] ([32mINFO[0m):
> [0;36mThread[-1]: Received from my client: Payload[CLIENT_CONNECT] Client Id [0] Message: [null] ClientName: [bob] Points: [0] Eliminated: [false][0m
08/05/2025 23:57:21 [Project.Server.ServerThread] ([32mINFO[0m):
> [0;36mThread[2]: Sending to client: Payload[CLIENT_ID] Client Id [2] Message: [null] ClientName: [bob] Points: [0] Eliminated: [false][0m
08/05/2025 23:57:21 [Project.Server.Server] ([32mINFO[0m):
> [0;33mServer: *bob#2 initialized*[0m
08/05/2025 23:57:21 [Project.Server.ServerThread] ([32mINFO[0m):
> [0;36mThread[2]: Sending to client: Payload[ROOM_JOIN] Client Id [-1] Message: [null] ClientName: [null] Points: [0] Eliminated: [false][0m
08/05/2025 23:57:21 [Project.Server.ServerThread] ([32mINFO[0m):
> [0;36mThread[2]: Sending to client: Payload[ROOM_JOIN] Client Id [2] Message: [null] ClientName: [bob] Points: [0] Eliminated: [false][0m
08/05/2025 23:57:21 [Project.Server.ServerThread] ([32mINFO[0m):
> [0;36mThread[2]: Sending to client: Payload[MESSAGE] Client Id [2] Message: [Room[lobby] You joined the room][0m
08/05/2025 23:57:21 [Project.Server.Server] ([32mINFO[0m):
> [0;33mServer: *bob#2 added to Lobby*[0m
08/05/2025 23:57:25 [Project.Server.ServerThread] ([32mINFO[0m):
> [0;36mThread[2]: Received from my client: Payload[ROOM_JOIN] Client Id [0] Message: [rpsgame][0m
08/05/2025 23:57:25 [Project.Server.Server] ([32mINFO[0m):
> [0;33mServer: Removing client from previous Room lobby[0m
08/05/2025 23:57:25 [Project.Server.ServerThread] ([32mINFO[0m):
> [0;36mThread[2]: Sending to client: Payload[ROOM_LEAVE] Client Id [2] Message: [null] ClientName: [bob] Points: [0] Eliminated: [false][0m
08/05/2025 23:57:25 [Project.Server.ServerThread] ([32mINFO[0m):
> [0;36mThread[2]: Sending to client: Payload[MESSAGE] Client Id [2] Message: [Room[lobby] You left the room][0m
08/05/2025 23:57:25 [Project.Server.ServerThread] ([32mINFO[0m):
> [0;36mThread[2]: Sending to client: Payload[ROOM_JOIN] Client Id [-1] Message: [null] ClientName: [null] Points: [0] Eliminated: [false][0m
08/05/2025 23:57:25 [Project.Server.ServerThread] ([32mINFO[0m):
> [0;36mThread[2]: Sending to client: Payload[SYNC_CLIENT] Client Id [1] Message: [null] ClientName: [dan] Points: [0] Eliminated: [false][0m
08/05/2025 23:57:25 [Project.Server.ServerThread] ([32mINFO[0m):
> [0;36mThread[1]: Sending to client: Payload[ROOM_JOIN] Client Id [2] Message: [null] ClientName: [bob] Points: [0] Eliminated: [false][0m
08/05/2025 23:57:25 [Project.Server.ServerThread] ([32mINFO[0m):
> [0;36mThread[1]: Sending to client: Payload[MESSAGE] Client Id [2] Message: [Room[rpsgame] bob#2 joined the room][0m
08/05/2025 23:57:25 [Project.Server.ServerThread] ([32mINFO[0m):
> [0;36mThread[2]: Sending to client: Payload[ROOM_JOIN] Client Id [2] Message: [null] ClientName: [bob] Points: [0] Eliminated: [false][0m
08/05/2025 23:57:25 [Project.Server.ServerThread] ([32mINFO[0m):
> [0;36mThread[2]: Sending to client: Payload[MESSAGE] Client Id [2] Message: [Room[rpsgame] You joined the room][0m
08/05/2025 23:57:38 [Project.Server.ServerThread] ([32mINFO[0m):
> [0;36mThread[1]: Received from my client: Payload[GAME_START] Client Id [0] Message: [null][0m
08/05/2025 23:57:38 [Project.Server.ServerThread] ([32mINFO[0m):
> [0;36mThread[1]: Sending to client: Payload[MESSAGE] Client Id [-1] Message: [[0;31mThis command is only available in a game room.[0m][0m
08/05/2025 23:59:00 [Project.Server.Server] ([32mINFO[0m):
> Server Starting
08/05/2025 23:59:00 [Project.Server.Server] ([32mINFO[0m):
> [0;33mServer: Listening on port 3000[0m
08/05/2025 23:59:00 [Project.Server.Room] ([32mINFO[0m):
> [0;35mRoom[lobby]: Created[0m
08/05/2025 23:59:00 [Project.Server.Server] ([32mINFO[0m):
> [0;33mServer: Created new Room lobby[0m
08/05/2025 23:59:00 [Project.Server.Room] ([32mINFO[0m):
> [0;35mRoom[rpsgame]: Created[0m
08/05/2025 23:59:00 [Project.Server.Server] ([32mINFO[0m):
> [0;33mServer: Created new Room rpsgame[0m
08/05/2025 23:59:00 [Project.Server.Server] ([32mINFO[0m):
> [0;33mServer: Waiting for next client[0m
08/05/2025 23:59:10 [Project.Server.Server] ([32mINFO[0m):
> [0;33mServer: Client connected[0m
08/05/2025 23:59:10 [Project.Server.ServerThread] ([32mINFO[0m):
> [0;36mThread[-1]: ServerThread created[0m
08/05/2025 23:59:10 [Project.Server.Server] ([32mINFO[0m):
> [0;33mServer: Waiting for next client[0m
08/05/2025 23:59:10 [Project.Server.ServerThread] ([32mINFO[0m):
> [0;36mThread[-1]: Thread starting[0m
08/05/2025 23:59:10 [Project.Server.ServerThread] ([32mINFO[0m):
> [0;36mThread[-1]: Received from my client: Payload[CLIENT_CONNECT] Client Id [0] Message: [null] ClientName: [dan] Points: [0] Eliminated: [false][0m
08/05/2025 23:59:10 [Project.Server.ServerThread] ([32mINFO[0m):
> [0;36mThread[1]: Sending to client: Payload[CLIENT_ID] Client Id [1] Message: [null] ClientName: [dan] Points: [0] Eliminated: [false][0m
08/05/2025 23:59:10 [Project.Server.Server] ([32mINFO[0m):
> [0;33mServer: *dan#1 initialized*[0m
08/05/2025 23:59:10 [Project.Server.ServerThread] ([32mINFO[0m):
> [0;36mThread[1]: Sending to client: Payload[ROOM_JOIN] Client Id [-1] Message: [null] ClientName: [null] Points: [0] Eliminated: [false][0m
08/05/2025 23:59:10 [Project.Server.ServerThread] ([32mINFO[0m):
> [0;36mThread[1]: Sending to client: Payload[ROOM_JOIN] Client Id [1] Message: [null] ClientName: [dan] Points: [0] Eliminated: [false][0m
08/05/2025 23:59:10 [Project.Server.ServerThread] ([32mINFO[0m):
> [0;36mThread[1]: Sending to client: Payload[MESSAGE] Client Id [1] Message: [Room[lobby] You joined the room][0m
08/05/2025 23:59:10 [Project.Server.Server] ([32mINFO[0m):
> [0;33mServer: *dan#1 added to Lobby*[0m
08/05/2025 23:59:13 [Project.Server.Server] ([32mINFO[0m):
> [0;33mServer: Client connected[0m
08/05/2025 23:59:13 [Project.Server.ServerThread] ([32mINFO[0m):
> [0;36mThread[-1]: ServerThread created[0m
08/05/2025 23:59:13 [Project.Server.Server] ([32mINFO[0m):
> [0;33mServer: Waiting for next client[0m
08/05/2025 23:59:13 [Project.Server.ServerThread] ([32mINFO[0m):
> [0;36mThread[-1]: Thread starting[0m
08/05/2025 23:59:13 [Project.Server.ServerThread] ([32mINFO[0m):
> [0;36mThread[-1]: Received from my client: Payload[CLIENT_CONNECT] Client Id [0] Message: [null] ClientName: [bob] Points: [0] Eliminated: [false][0m
08/05/2025 23:59:13 [Project.Server.ServerThread] ([32mINFO[0m):
> [0;36mThread[2]: Sending to client: Payload[CLIENT_ID] Client Id [2] Message: [null] ClientName: [bob] Points: [0] Eliminated: [false][0m
08/05/2025 23:59:13 [Project.Server.Server] ([32mINFO[0m):
> [0;33mServer: *bob#2 initialized*[0m
08/05/2025 23:59:13 [Project.Server.ServerThread] ([32mINFO[0m):
> [0;36mThread[2]: Sending to client: Payload[ROOM_JOIN] Client Id [-1] Message: [null] ClientName: [null] Points: [0] Eliminated: [false][0m
08/05/2025 23:59:13 [Project.Server.ServerThread] ([32mINFO[0m):
> [0;36mThread[2]: Sending to client: Payload[SYNC_CLIENT] Client Id [1] Message: [null] ClientName: [dan] Points: [0] Eliminated: [false][0m
08/05/2025 23:59:13 [Project.Server.ServerThread] ([32mINFO[0m):
> [0;36mThread[1]: Sending to client: Payload[ROOM_JOIN] Client Id [2] Message: [null] ClientName: [bob] Points: [0] Eliminated: [false][0m
08/05/2025 23:59:13 [Project.Server.ServerThread] ([32mINFO[0m):
> [0;36mThread[1]: Sending to client: Payload[MESSAGE] Client Id [2] Message: [Room[lobby] bob#2 joined the room][0m
08/05/2025 23:59:13 [Project.Server.ServerThread] ([32mINFO[0m):
> [0;36mThread[2]: Sending to client: Payload[ROOM_JOIN] Client Id [2] Message: [null] ClientName: [bob] Points: [0] Eliminated: [false][0m
08/05/2025 23:59:13 [Project.Server.ServerThread] ([32mINFO[0m):
> [0;36mThread[2]: Sending to client: Payload[MESSAGE] Client Id [2] Message: [Room[lobby] You joined the room][0m
08/05/2025 23:59:13 [Project.Server.Server] ([32mINFO[0m):
> [0;33mServer: *bob#2 added to Lobby*[0m
08/05/2025 23:59:29 [Project.Server.ServerThread] ([32mINFO[0m):
> [0;36mThread[1]: Received from my client: Payload[ROOM_JOIN] Client Id [0] Message: [rpsgame][0m
08/05/2025 23:59:29 [Project.Server.Server] ([32mINFO[0m):
> [0;33mServer: Removing client from previous Room lobby[0m
08/05/2025 23:59:29 [Project.Server.ServerThread] ([32mINFO[0m):
> [0;36mThread[1]: Sending to client: Payload[ROOM_LEAVE] Client Id [1] Message: [null] ClientName: [dan] Points: [0] Eliminated: [false][0m
08/05/2025 23:59:29 [Project.Server.ServerThread] ([32mINFO[0m):
> [0;36mThread[1]: Sending to client: Payload[MESSAGE] Client Id [1] Message: [Room[lobby] You left the room][0m
08/05/2025 23:59:29 [Project.Server.ServerThread] ([32mINFO[0m):
> [0;36mThread[2]: Sending to client: Payload[ROOM_LEAVE] Client Id [1] Message: [null] ClientName: [dan] Points: [0] Eliminated: [false][0m
08/05/2025 23:59:29 [Project.Server.ServerThread] ([32mINFO[0m):
> [0;36mThread[2]: Sending to client: Payload[MESSAGE] Client Id [1] Message: [Room[lobby] dan#1 left the room][0m
08/05/2025 23:59:29 [Project.Server.ServerThread] ([32mINFO[0m):
> [0;36mThread[1]: Sending to client: Payload[ROOM_JOIN] Client Id [-1] Message: [null] ClientName: [null] Points: [0] Eliminated: [false][0m
08/05/2025 23:59:29 [Project.Server.ServerThread] ([32mINFO[0m):
> [0;36mThread[1]: Sending to client: Payload[ROOM_JOIN] Client Id [1] Message: [null] ClientName: [dan] Points: [0] Eliminated: [false][0m
08/05/2025 23:59:29 [Project.Server.ServerThread] ([32mINFO[0m):
> [0;36mThread[1]: Sending to client: Payload[MESSAGE] Client Id [1] Message: [Room[rpsgame] You joined the room][0m
08/05/2025 23:59:31 [Project.Server.ServerThread] ([32mINFO[0m):
> [0;36mThread[2]: Received from my client: Payload[ROOM_JOIN] Client Id [0] Message: [rpsgame][0m
08/05/2025 23:59:31 [Project.Server.Server] ([32mINFO[0m):
> [0;33mServer: Removing client from previous Room lobby[0m
08/05/2025 23:59:31 [Project.Server.ServerThread] ([32mINFO[0m):
> [0;36mThread[2]: Sending to client: Payload[ROOM_LEAVE] Client Id [2] Message: [null] ClientName: [bob] Points: [0] Eliminated: [false][0m
08/05/2025 23:59:31 [Project.Server.ServerThread] ([32mINFO[0m):
> [0;36mThread[2]: Sending to client: Payload[MESSAGE] Client Id [2] Message: [Room[lobby] You left the room][0m
08/05/2025 23:59:31 [Project.Server.ServerThread] ([32mINFO[0m):
> [0;36mThread[2]: Sending to client: Payload[ROOM_JOIN] Client Id [-1] Message: [null] ClientName: [null] Points: [0] Eliminated: [false][0m
08/05/2025 23:59:31 [Project.Server.ServerThread] ([32mINFO[0m):
> [0;36mThread[2]: Sending to client: Payload[SYNC_CLIENT] Client Id [1] Message: [null] ClientName: [dan] Points: [0] Eliminated: [false][0m
08/05/2025 23:59:31 [Project.Server.ServerThread] ([32mINFO[0m):
> [0;36mThread[1]: Sending to client: Payload[ROOM_JOIN] Client Id [2] Message: [null] ClientName: [bob] Points: [0] Eliminated: [false][0m
08/05/2025 23:59:31 [Project.Server.ServerThread] ([32mINFO[0m):
> [0;36mThread[1]: Sending to client: Payload[MESSAGE] Client Id [2] Message: [Room[rpsgame] bob#2 joined the room][0m
08/05/2025 23:59:31 [Project.Server.ServerThread] ([32mINFO[0m):
> [0;36mThread[2]: Sending to client: Payload[ROOM_JOIN] Client Id [2] Message: [null] ClientName: [bob] Points: [0] Eliminated: [false][0m
08/05/2025 23:59:31 [Project.Server.ServerThread] ([32mINFO[0m):
> [0;36mThread[2]: Sending to client: Payload[MESSAGE] Client Id [2] Message: [Room[rpsgame] You joined the room][0m
08/05/2025 23:59:37 [Project.Server.ServerThread] ([32mINFO[0m):
> [0;36mThread[1]: Received from my client: Payload[GAME_START] Client Id [0] Message: [null][0m
08/05/2025 23:59:37 [Project.Server.ServerThread] ([32mINFO[0m):
> [0;36mThread[1]: Sending to client: Payload[MESSAGE] Client Id [-1] Message: [[0;31mThis command is only available in a game room.[0m][0m
08/05/2025 23:59:43 [Project.Server.ServerThread] ([32mINFO[0m):
> [0;36mThread[1]: Received from my client: Payload[PICK_CHOICE] Client Id [0] Message: [r][0m
08/05/2025 23:59:43 [Project.Server.ServerThread] ([32mINFO[0m):
> [0;36mThread[1]: Sending to client: Payload[MESSAGE] Client Id [-1] Message: [[0;31mThis command is only available in a game room.[0m][0m
08/06/2025 00:01:50 [Project.Server.Server] ([32mINFO[0m):
> Server Starting
08/06/2025 00:01:50 [Project.Server.Server] ([32mINFO[0m):
> [0;33mServer: Listening on port 3000[0m
08/06/2025 00:01:50 [Project.Server.Room] ([32mINFO[0m):
> [0;35mRoom[lobby]: Created[0m
08/06/2025 00:01:50 [Project.Server.Server] ([32mINFO[0m):
> [0;33mServer: Created new Room lobby[0m
08/06/2025 00:01:50 [Project.Server.Room] ([32mINFO[0m):
> [0;35mRoom[rpsgame]: Created[0m
08/06/2025 00:01:50 [Project.Server.Server] ([32mINFO[0m):
> [0;33mServer: Created new Room rpsgame[0m
08/06/2025 00:01:50 [Project.Server.Server] ([32mINFO[0m):
> [0;33mServer: Waiting for next client[0m
08/06/2025 00:02:20 [Project.Server.Server] ([32mINFO[0m):
> [0;33mServer: Client connected[0m
08/06/2025 00:02:20 [Project.Server.ServerThread] ([32mINFO[0m):
> [0;36mThread[-1]: ServerThread created[0m
08/06/2025 00:02:20 [Project.Server.Server] ([32mINFO[0m):
> [0;33mServer: Waiting for next client[0m
08/06/2025 00:02:20 [Project.Server.ServerThread] ([32mINFO[0m):
> [0;36mThread[-1]: Thread starting[0m
08/06/2025 00:02:20 [Project.Server.ServerThread] ([32mINFO[0m):
> [0;36mThread[-1]: Received from my client: Payload[CLIENT_CONNECT] Client Id [0] Message: [null] ClientName: [dan] Points: [0] Eliminated: [false][0m
08/06/2025 00:02:20 [Project.Server.ServerThread] ([32mINFO[0m):
> [0;36mThread[1]: Sending to client: Payload[CLIENT_ID] Client Id [1] Message: [null] ClientName: [dan] Points: [0] Eliminated: [false][0m
08/06/2025 00:02:20 [Project.Server.Server] ([32mINFO[0m):
> [0;33mServer: *dan#1 initialized*[0m
08/06/2025 00:02:20 [Project.Server.ServerThread] ([32mINFO[0m):
> [0;36mThread[1]: Sending to client: Payload[ROOM_JOIN] Client Id [-1] Message: [null] ClientName: [null] Points: [0] Eliminated: [false][0m
08/06/2025 00:02:20 [Project.Server.ServerThread] ([32mINFO[0m):
> [0;36mThread[1]: Sending to client: Payload[ROOM_JOIN] Client Id [1] Message: [null] ClientName: [dan] Points: [0] Eliminated: [false][0m
08/06/2025 00:02:20 [Project.Server.ServerThread] ([32mINFO[0m):
> [0;36mThread[1]: Sending to client: Payload[MESSAGE] Client Id [1] Message: [Room[lobby] You joined the room][0m
08/06/2025 00:02:20 [Project.Server.Server] ([32mINFO[0m):
> [0;33mServer: *dan#1 added to Lobby*[0m
08/06/2025 00:02:22 [Project.Server.Server] ([32mINFO[0m):
> [0;33mServer: Client connected[0m
08/06/2025 00:02:22 [Project.Server.ServerThread] ([32mINFO[0m):
> [0;36mThread[-1]: ServerThread created[0m
08/06/2025 00:02:22 [Project.Server.ServerThread] ([32mINFO[0m):
> [0;36mThread[-1]: Thread starting[0m
08/06/2025 00:02:22 [Project.Server.Server] ([32mINFO[0m):
> [0;33mServer: Waiting for next client[0m
08/06/2025 00:02:22 [Project.Server.ServerThread] ([32mINFO[0m):
> [0;36mThread[-1]: Received from my client: Payload[CLIENT_CONNECT] Client Id [0] Message: [null] ClientName: [bob] Points: [0] Eliminated: [false][0m
08/06/2025 00:02:22 [Project.Server.ServerThread] ([32mINFO[0m):
> [0;36mThread[2]: Sending to client: Payload[CLIENT_ID] Client Id [2] Message: [null] ClientName: [bob] Points: [0] Eliminated: [false][0m
08/06/2025 00:02:22 [Project.Server.Server] ([32mINFO[0m):
> [0;33mServer: *bob#2 initialized*[0m
08/06/2025 00:02:22 [Project.Server.ServerThread] ([32mINFO[0m):
> [0;36mThread[2]: Sending to client: Payload[ROOM_JOIN] Client Id [-1] Message: [null] ClientName: [null] Points: [0] Eliminated: [false][0m
08/06/2025 00:02:22 [Project.Server.ServerThread] ([32mINFO[0m):
> [0;36mThread[2]: Sending to client: Payload[SYNC_CLIENT] Client Id [1] Message: [null] ClientName: [dan] Points: [0] Eliminated: [false][0m
08/06/2025 00:02:22 [Project.Server.ServerThread] ([32mINFO[0m):
> [0;36mThread[1]: Sending to client: Payload[ROOM_JOIN] Client Id [2] Message: [null] ClientName: [bob] Points: [0] Eliminated: [false][0m
08/06/2025 00:02:22 [Project.Server.ServerThread] ([32mINFO[0m):
> [0;36mThread[1]: Sending to client: Payload[MESSAGE] Client Id [2] Message: [Room[lobby] bob#2 joined the room][0m
08/06/2025 00:02:22 [Project.Server.ServerThread] ([32mINFO[0m):
> [0;36mThread[2]: Sending to client: Payload[ROOM_JOIN] Client Id [2] Message: [null] ClientName: [bob] Points: [0] Eliminated: [false][0m
08/06/2025 00:02:22 [Project.Server.ServerThread] ([32mINFO[0m):
> [0;36mThread[2]: Sending to client: Payload[MESSAGE] Client Id [2] Message: [Room[lobby] You joined the room][0m
08/06/2025 00:02:22 [Project.Server.Server] ([32mINFO[0m):
> [0;33mServer: *bob#2 added to Lobby*[0m
08/06/2025 00:02:36 [Project.Server.ServerThread] ([32mINFO[0m):
> [0;36mThread[1]: Received from my client: Payload[ROOM_JOIN] Client Id [0] Message: [rpsgame][0m
08/06/2025 00:02:36 [Project.Server.Server] ([32mINFO[0m):
> [0;33mServer: Removing client from previous Room lobby[0m
08/06/2025 00:02:36 [Project.Server.ServerThread] ([32mINFO[0m):
> [0;36mThread[1]: Sending to client: Payload[ROOM_LEAVE] Client Id [1] Message: [null] ClientName: [dan] Points: [0] Eliminated: [false][0m
08/06/2025 00:02:36 [Project.Server.ServerThread] ([32mINFO[0m):
> [0;36mThread[1]: Sending to client: Payload[MESSAGE] Client Id [1] Message: [Room[lobby] You left the room][0m
08/06/2025 00:02:36 [Project.Server.ServerThread] ([32mINFO[0m):
> [0;36mThread[2]: Sending to client: Payload[ROOM_LEAVE] Client Id [1] Message: [null] ClientName: [dan] Points: [0] Eliminated: [false][0m
08/06/2025 00:02:36 [Project.Server.ServerThread] ([32mINFO[0m):
> [0;36mThread[2]: Sending to client: Payload[MESSAGE] Client Id [1] Message: [Room[lobby] dan#1 left the room][0m
08/06/2025 00:02:36 [Project.Server.ServerThread] ([32mINFO[0m):
> [0;36mThread[1]: Sending to client: Payload[ROOM_JOIN] Client Id [-1] Message: [null] ClientName: [null] Points: [0] Eliminated: [false][0m
08/06/2025 00:02:36 [Project.Server.ServerThread] ([32mINFO[0m):
> [0;36mThread[1]: Sending to client: Payload[ROOM_JOIN] Client Id [1] Message: [null] ClientName: [dan] Points: [0] Eliminated: [false][0m
08/06/2025 00:02:36 [Project.Server.ServerThread] ([32mINFO[0m):
> [0;36mThread[1]: Sending to client: Payload[MESSAGE] Client Id [1] Message: [Room[rpsgame] You joined the room][0m
08/06/2025 00:02:39 [Project.Server.ServerThread] ([32mINFO[0m):
> [0;36mThread[2]: Received from my client: Payload[ROOM_JOIN] Client Id [0] Message: [rpsgame][0m
08/06/2025 00:02:39 [Project.Server.Server] ([32mINFO[0m):
> [0;33mServer: Removing client from previous Room lobby[0m
08/06/2025 00:02:39 [Project.Server.ServerThread] ([32mINFO[0m):
> [0;36mThread[2]: Sending to client: Payload[ROOM_LEAVE] Client Id [2] Message: [null] ClientName: [bob] Points: [0] Eliminated: [false][0m
08/06/2025 00:02:39 [Project.Server.ServerThread] ([32mINFO[0m):
> [0;36mThread[2]: Sending to client: Payload[MESSAGE] Client Id [2] Message: [Room[lobby] You left the room][0m
08/06/2025 00:02:39 [Project.Server.ServerThread] ([32mINFO[0m):
> [0;36mThread[2]: Sending to client: Payload[ROOM_JOIN] Client Id [-1] Message: [null] ClientName: [null] Points: [0] Eliminated: [false][0m
08/06/2025 00:02:39 [Project.Server.ServerThread] ([32mINFO[0m):
> [0;36mThread[2]: Sending to client: Payload[SYNC_CLIENT] Client Id [1] Message: [null] ClientName: [dan] Points: [0] Eliminated: [false][0m
08/06/2025 00:02:39 [Project.Server.ServerThread] ([32mINFO[0m):
> [0;36mThread[1]: Sending to client: Payload[ROOM_JOIN] Client Id [2] Message: [null] ClientName: [bob] Points: [0] Eliminated: [false][0m
08/06/2025 00:02:39 [Project.Server.ServerThread] ([32mINFO[0m):
> [0;36mThread[1]: Sending to client: Payload[MESSAGE] Client Id [2] Message: [Room[rpsgame] bob#2 joined the room][0m
08/06/2025 00:02:39 [Project.Server.ServerThread] ([32mINFO[0m):
> [0;36mThread[2]: Sending to client: Payload[ROOM_JOIN] Client Id [2] Message: [null] ClientName: [bob] Points: [0] Eliminated: [false][0m
08/06/2025 00:02:39 [Project.Server.ServerThread] ([32mINFO[0m):
> [0;36mThread[2]: Sending to client: Payload[MESSAGE] Client Id [2] Message: [Room[rpsgame] You joined the room][0m
08/06/2025 00:02:46 [Project.Server.ServerThread] ([32mINFO[0m):
> [0;36mThread[1]: Received from my client: Payload[GAME_START] Client Id [0] Message: [null][0m
08/06/2025 00:02:46 [Project.Server.ServerThread] ([32mINFO[0m):
> [0;36mThread[1]: Sending to client: Payload[MESSAGE] Client Id [-1] Message: [[0;31mThis command is only available in a game room.[0m][0m
